Started GET "/" for 127.0.0.1 at 2023-01-14 05:32:55 +0300
Processing by Rails::WelcomeController#index as HTML
  Rendering /home/eldar/.rbenv/versions/3.1.2/lib/ruby/gems/3.1.0/gems/railties-7.0.4/lib/rails/templates/rails/welcome/index.html.erb
  Rendered /home/eldar/.rbenv/versions/3.1.2/lib/ruby/gems/3.1.0/gems/railties-7.0.4/lib/rails/templates/rails/welcome/index.html.erb (Duration: 1.4ms | Allocations: 587)
Completed 200 OK in 11ms (Views: 4.8ms | ActiveRecord: 0.0ms | Allocations: 4518)


Started GET "/metrics" for 127.0.0.1 at 2023-01-14 05:33:00 +0300
  
ActionController::RoutingError (No route matches [GET] "/metrics"):
  
Started GET "/contours" for 127.0.0.1 at 2023-01-14 05:36:50 +0300
Processing by ContoursController#index as HTML
Completed 200 OK in 4ms (Views: 0.3ms | ActiveRecord: 0.0ms | Allocations: 2032)


Started GET "/favicon.ico" for 127.0.0.1 at 2023-01-14 05:36:50 +0300
  
ActionController::RoutingError (No route matches [GET] "/favicon.ico"):
  
Started GET "/metrics" for 127.0.0.1 at 2023-01-14 05:37:00 +0300
  
ActionController::RoutingError (No route matches [GET] "/metrics"):
  
Started GET "/metrics" for 127.0.0.1 at 2023-01-14 05:37:15 +0300
  
ActionController::RoutingError (No route matches [GET] "/metrics"):
  
Started GET "/" for 127.0.0.1 at 2023-01-14 05:37:24 +0300
Processing by Rails::WelcomeController#index as */*
  Rendering /home/eldar/.rbenv/versions/3.1.2/lib/ruby/gems/3.1.0/gems/railties-7.0.4/lib/rails/templates/rails/welcome/index.html.erb
  Rendered /home/eldar/.rbenv/versions/3.1.2/lib/ruby/gems/3.1.0/gems/railties-7.0.4/lib/rails/templates/rails/welcome/index.html.erb (Duration: 0.9ms | Allocations: 288)
Completed 200 OK in 7ms (Views: 2.6ms | ActiveRecord: 0.0ms | Allocations: 1967)


Started GET "/metrics" for 127.0.0.1 at 2023-01-14 05:37:30 +0300
  
ActionController::RoutingError (No route matches [GET] "/metrics"):
  
Started GET "/metrics" for 127.0.0.1 at 2023-01-14 05:37:45 +0300
  
ActionController::RoutingError (No route matches [GET] "/metrics"):
  
Started GET "/" for 127.0.0.1 at 2023-01-14 05:37:52 +0300
Processing by Rails::WelcomeController#index as */*
  Rendering /home/eldar/.rbenv/versions/3.1.2/lib/ruby/gems/3.1.0/gems/railties-7.0.4/lib/rails/templates/rails/welcome/index.html.erb
  Rendered /home/eldar/.rbenv/versions/3.1.2/lib/ruby/gems/3.1.0/gems/railties-7.0.4/lib/rails/templates/rails/welcome/index.html.erb (Duration: 1.3ms | Allocations: 280)
Completed 200 OK in 5ms (Views: 3.5ms | ActiveRecord: 0.0ms | Allocations: 861)


Started GET "/" for 127.0.0.1 at 2023-01-14 05:37:52 +0300
Processing by Rails::WelcomeController#index as */*
  Rendering /home/eldar/.rbenv/versions/3.1.2/lib/ruby/gems/3.1.0/gems/railties-7.0.4/lib/rails/templates/rails/welcome/index.html.erb
  Rendered /home/eldar/.rbenv/versions/3.1.2/lib/ruby/gems/3.1.0/gems/railties-7.0.4/lib/rails/templates/rails/welcome/index.html.erb (Duration: 0.2ms | Allocations: 15)
Completed 200 OK in 3ms (Views: 2.8ms | ActiveRecord: 0.0ms | Allocations: 234)


Started GET "/" for 127.0.0.1 at 2023-01-14 05:37:52 +0300
Processing by Rails::WelcomeController#index as */*
  Rendering /home/eldar/.rbenv/versions/3.1.2/lib/ruby/gems/3.1.0/gems/railties-7.0.4/lib/rails/templates/rails/welcome/index.html.erb
  Rendered /home/eldar/.rbenv/versions/3.1.2/lib/ruby/gems/3.1.0/gems/railties-7.0.4/lib/rails/templates/rails/welcome/index.html.erb (Duration: 0.1ms | Allocations: 15)
Completed 200 OK in 1ms (Views: 0.9ms | ActiveRecord: 0.0ms | Allocations: 212)


Started GET "/" for 127.0.0.1 at 2023-01-14 05:37:52 +0300
Processing by Rails::WelcomeController#index as */*
  Rendering /home/eldar/.rbenv/versions/3.1.2/lib/ruby/gems/3.1.0/gems/railties-7.0.4/lib/rails/templates/rails/welcome/index.html.erb
  Rendered /home/eldar/.rbenv/versions/3.1.2/lib/ruby/gems/3.1.0/gems/railties-7.0.4/lib/rails/templates/rails/welcome/index.html.erb (Duration: 0.2ms | Allocations: 15)
Completed 200 OK in 4ms (Views: 2.8ms | ActiveRecord: 0.0ms | Allocations: 209)


Started GET "/" for 127.0.0.1 at 2023-01-14 05:37:53 +0300
Processing by Rails::WelcomeController#index as */*
  Rendering /home/eldar/.rbenv/versions/3.1.2/lib/ruby/gems/3.1.0/gems/railties-7.0.4/lib/rails/templates/rails/welcome/index.html.erb
  Rendered /home/eldar/.rbenv/versions/3.1.2/lib/ruby/gems/3.1.0/gems/railties-7.0.4/lib/rails/templates/rails/welcome/index.html.erb (Duration: 0.2ms | Allocations: 15)
Completed 200 OK in 2ms (Views: 1.0ms | ActiveRecord: 0.0ms | Allocations: 209)


Started GET "/" for 127.0.0.1 at 2023-01-14 05:37:53 +0300
Processing by Rails::WelcomeController#index as */*
  Rendering /home/eldar/.rbenv/versions/3.1.2/lib/ruby/gems/3.1.0/gems/railties-7.0.4/lib/rails/templates/rails/welcome/index.html.erb
  Rendered /home/eldar/.rbenv/versions/3.1.2/lib/ruby/gems/3.1.0/gems/railties-7.0.4/lib/rails/templates/rails/welcome/index.html.erb (Duration: 0.1ms | Allocations: 15)
Completed 200 OK in 1ms (Views: 0.9ms | ActiveRecord: 0.0ms | Allocations: 210)


Started GET "/" for 127.0.0.1 at 2023-01-14 05:37:53 +0300
Processing by Rails::WelcomeController#index as */*
  Rendering /home/eldar/.rbenv/versions/3.1.2/lib/ruby/gems/3.1.0/gems/railties-7.0.4/lib/rails/templates/rails/welcome/index.html.erb
  Rendered /home/eldar/.rbenv/versions/3.1.2/lib/ruby/gems/3.1.0/gems/railties-7.0.4/lib/rails/templates/rails/welcome/index.html.erb (Duration: 0.2ms | Allocations: 15)
Completed 200 OK in 2ms (Views: 1.4ms | ActiveRecord: 0.0ms | Allocations: 209)


Started GET "/" for 127.0.0.1 at 2023-01-14 05:37:53 +0300
Processing by Rails::WelcomeController#index as */*
  Rendering /home/eldar/.rbenv/versions/3.1.2/lib/ruby/gems/3.1.0/gems/railties-7.0.4/lib/rails/templates/rails/welcome/index.html.erb
  Rendered /home/eldar/.rbenv/versions/3.1.2/lib/ruby/gems/3.1.0/gems/railties-7.0.4/lib/rails/templates/rails/welcome/index.html.erb (Duration: 0.1ms | Allocations: 15)
Completed 200 OK in 1ms (Views: 0.8ms | ActiveRecord: 0.0ms | Allocations: 210)


Started GET "/" for 127.0.0.1 at 2023-01-14 05:37:54 +0300
Processing by Rails::WelcomeController#index as */*
  Rendering /home/eldar/.rbenv/versions/3.1.2/lib/ruby/gems/3.1.0/gems/railties-7.0.4/lib/rails/templates/rails/welcome/index.html.erb
  Rendered /home/eldar/.rbenv/versions/3.1.2/lib/ruby/gems/3.1.0/gems/railties-7.0.4/lib/rails/templates/rails/welcome/index.html.erb (Duration: 0.1ms | Allocations: 15)
Started GET "/" for 127.0.0.1 at 2023-01-14 05:37:54 +0300
Completed 200 OK in 1ms (Views: 0.8ms | ActiveRecord: 0.0ms | Allocations: 318)


Processing by Rails::WelcomeController#index as */*
  Rendering /home/eldar/.rbenv/versions/3.1.2/lib/ruby/gems/3.1.0/gems/railties-7.0.4/lib/rails/templates/rails/welcome/index.html.erb
  Rendered /home/eldar/.rbenv/versions/3.1.2/lib/ruby/gems/3.1.0/gems/railties-7.0.4/lib/rails/templates/rails/welcome/index.html.erb (Duration: 0.1ms | Allocations: 15)
Completed 200 OK in 1ms (Views: 0.4ms | ActiveRecord: 0.0ms | Allocations: 209)


Started GET "/" for 127.0.0.1 at 2023-01-14 05:37:54 +0300
Processing by Rails::WelcomeController#index as */*
  Rendering /home/eldar/.rbenv/versions/3.1.2/lib/ruby/gems/3.1.0/gems/railties-7.0.4/lib/rails/templates/rails/welcome/index.html.erb
  Rendered /home/eldar/.rbenv/versions/3.1.2/lib/ruby/gems/3.1.0/gems/railties-7.0.4/lib/rails/templates/rails/welcome/index.html.erb (Duration: 0.2ms | Allocations: 15)
Started GET "/" for 127.0.0.1 at 2023-01-14 05:37:54 +0300
Completed 200 OK in 3ms (Views: 2.3ms | ActiveRecord: 0.0ms | Allocations: 525)


Processing by Rails::WelcomeController#index as */*
  Rendering /home/eldar/.rbenv/versions/3.1.2/lib/ruby/gems/3.1.0/gems/railties-7.0.4/lib/rails/templates/rails/welcome/index.html.erb
  Rendered /home/eldar/.rbenv/versions/3.1.2/lib/ruby/gems/3.1.0/gems/railties-7.0.4/lib/rails/templates/rails/welcome/index.html.erb (Duration: 0.2ms | Allocations: 15)
Completed 200 OK in 1ms (Views: 0.8ms | ActiveRecord: 0.0ms | Allocations: 210)


Started GET "/metrics" for 127.0.0.1 at 2023-01-14 05:38:00 +0300
  
ActionController::RoutingError (No route matches [GET] "/metrics"):
  
Started GET "/countours" for 127.0.0.1 at 2023-01-14 05:38:02 +0300
  
ActionController::RoutingError (No route matches [GET] "/countours"):
  
Started GET "/countours" for 127.0.0.1 at 2023-01-14 05:38:10 +0300
  
ActionController::RoutingError (No route matches [GET] "/countours"):
  
Started GET "/metrics" for 127.0.0.1 at 2023-01-14 05:38:15 +0300
  
ActionController::RoutingError (No route matches [GET] "/metrics"):
  
Started GET "/contours" for 127.0.0.1 at 2023-01-14 05:38:16 +0300
Processing by ContoursController#index as HTML
Completed 200 OK in 0ms (Views: 0.1ms | ActiveRecord: 0.0ms | Allocations: 101)


Started GET "/contours" for 127.0.0.1 at 2023-01-14 05:38:16 +0300
Processing by ContoursController#index as HTML
Completed 200 OK in 0ms (Views: 0.2ms | ActiveRecord: 0.0ms | Allocations: 97)


Started GET "/metrics" for 127.0.0.1 at 2023-01-14 05:40:15 +0300
  
ActionController::RoutingError (No route matches [GET] "/metrics"):
  
Started GET "/countours" for 127.0.0.1 at 2023-01-14 05:40:25 +0300
  
ActionController::RoutingError (No route matches [GET] "/countours"):
  
Started GET "/metrics" for 127.0.0.1 at 2023-01-14 05:40:30 +0300
  
ActionController::RoutingError (No route matches [GET] "/metrics"):
  
Started GET "/" for 127.0.0.1 at 2023-01-14 05:40:35 +0300
Processing by Rails::WelcomeController#index as HTML
  Rendering /home/eldar/.rbenv/versions/3.1.2/lib/ruby/gems/3.1.0/gems/railties-7.0.4/lib/rails/templates/rails/welcome/index.html.erb
  Rendered /home/eldar/.rbenv/versions/3.1.2/lib/ruby/gems/3.1.0/gems/railties-7.0.4/lib/rails/templates/rails/welcome/index.html.erb (Duration: 0.7ms | Allocations: 288)
Completed 200 OK in 5ms (Views: 1.9ms | Allocations: 1978)


Started GET "/contours" for 127.0.0.1 at 2023-01-14 05:40:37 +0300
Processing by ContoursController#index as HTML
Completed 200 OK in 1ms (Views: 0.4ms | Allocations: 306)


Started GET "/metrics" for 127.0.0.1 at 2023-01-14 05:40:45 +0300
  
ActionController::RoutingError (No route matches [GET] "/metrics"):
  
Started GET "/metrics" for 127.0.0.1 at 2023-01-14 05:41:00 +0300
  
ActionController::RoutingError (No route matches [GET] "/metrics"):
  
Started GET "/contours" for 127.0.0.1 at 2023-01-14 05:41:03 +0300
Processing by ContoursController#index as HTML
Completed 200 OK in 0ms (Views: 0.2ms | Allocations: 94)


Started GET "/metrics" for 127.0.0.1 at 2023-01-14 05:41:15 +0300
  
ActionController::RoutingError (No route matches [GET] "/metrics"):
  
Started GET "/contours" for 127.0.0.1 at 2023-01-14 05:41:23 +0300
Processing by ContoursController#index as HTML
Completed 200 OK in 4ms (Views: 0.7ms | ActiveRecord: 0.0ms | Allocations: 2031)


Started GET "/contours" for 127.0.0.1 at 2023-01-14 05:41:24 +0300
Processing by ContoursController#index as HTML
Completed 200 OK in 0ms (Views: 0.2ms | ActiveRecord: 0.0ms | Allocations: 113)


Started GET "/contours" for 127.0.0.1 at 2023-01-14 05:41:24 +0300
Processing by ContoursController#index as HTML
Completed 200 OK in 1ms (Views: 0.3ms | ActiveRecord: 0.0ms | Allocations: 99)


Started GET "/" for 127.0.0.1 at 2023-01-14 05:41:29 +0300
Processing by Rails::WelcomeController#index as */*
  Rendering /home/eldar/.rbenv/versions/3.1.2/lib/ruby/gems/3.1.0/gems/railties-7.0.4/lib/rails/templates/rails/welcome/index.html.erb
  Rendered /home/eldar/.rbenv/versions/3.1.2/lib/ruby/gems/3.1.0/gems/railties-7.0.4/lib/rails/templates/rails/welcome/index.html.erb (Duration: 5.3ms | Allocations: 475)
Completed 200 OK in 13ms (Views: 8.6ms | ActiveRecord: 0.0ms | Allocations: 3152)


Started GET "/metrics" for 127.0.0.1 at 2023-01-14 05:41:30 +0300
  
ActionController::RoutingError (No route matches [GET] "/metrics"):
  
Started GET "/contours" for 127.0.0.1 at 2023-01-14 05:41:33 +0300
Processing by ContoursController#index as */*
Completed 200 OK in 1ms (Views: 0.3ms | ActiveRecord: 0.0ms | Allocations: 158)


Started GET "/metrics" for 127.0.0.1 at 2023-01-14 05:41:45 +0300
  
ActionController::RoutingError (No route matches [GET] "/metrics"):
  
Started GET "/metrics" for 127.0.0.1 at 2023-01-14 05:42:00 +0300
  
ActionController::RoutingError (No route matches [GET] "/metrics"):
  
Started GET "/metrics" for 127.0.0.1 at 2023-01-14 05:42:15 +0300
  
ActionController::RoutingError (No route matches [GET] "/metrics"):
  
Started GET "/metrics" for 127.0.0.1 at 2023-01-14 05:42:30 +0300
  
ActionController::RoutingError (No route matches [GET] "/metrics"):
  
Started GET "/metrics" for 127.0.0.1 at 2023-01-14 05:42:45 +0300
  
ActionController::RoutingError (No route matches [GET] "/metrics"):
  
Started GET "/metrics" for 127.0.0.1 at 2023-01-14 05:43:00 +0300
  
ActionController::RoutingError (No route matches [GET] "/metrics"):
  
Started GET "/" for 127.0.0.1 at 2023-01-14 05:52:55 +0300
Processing by StaticsController#index as HTML
Completed 200 OK in 3ms (Views: 0.3ms | ActiveRecord: 0.0ms | Allocations: 2021)


Started GET "/metrics" for 127.0.0.1 at 2023-01-14 05:55:15 +0300
  
ActionController::RoutingError (No route matches [GET] "/metrics"):
  
Started GET "/" for 127.0.0.1 at 2023-01-14 05:55:16 +0300
Processing by StaticsController#index as HTML
Completed 200 OK in 21ms (Views: 21.0ms | ActiveRecord: 0.0ms | Allocations: 368)


Started GET "/metrics" for 127.0.0.1 at 2023-01-14 05:55:30 +0300
  
ActionController::RoutingError (No route matches [GET] "/metrics"):
  
Started GET "/metrics" for 127.0.0.1 at 2023-01-14 05:55:45 +0300
  
ActionController::RoutingError (No route matches [GET] "/metrics"):
  
